mainapp/build/outputs/logs/manifest-merger-release-report.txt
-- Merging decision tree log ---
manifest
ADDED from src/main/AndroidManifest.xml:2:1-206:12
INJECTED from src/main/AndroidManifest.xml:2:1-206:12
INJECTED from src/main/AndroidManifest.xml:2:1-206:12
INJECTED from src/main/AndroidManifest.xml:2:1-206:12
MERGED from [:indexlibrary] AndroidManifest.xml:2:1-14:12
MERGED from [:productdetaillibrary] AndroidManifest.xml:2:1-11:12
MERGED from [:cartlibrary] AndroidManifest.xml:2:1-11:12
MERGED from [:productcategorylibrary] AndroidManifest.xml:2:1-11:12
MERGED from [:profilelibrary] AndroidManifest.xml:2:1-11:12
MERGED from [:wangfu-baselibrary] AndroidManifest.xml:2:1-45:12
MERGED from [cn.jiguang.sdk:jpush:3.0.8] AndroidManifest.xml:2:1-123:12
MERGED from [cn.jiguang.sdk:jcore:1.1.6] AndroidManifest.xml:2:1-14:12
MERGED from [com.android.support:multidex:1.0.2] AndroidManifest.xml:17:1-22:12
MERGED from [com.alibaba:arouter-api:1.3.1] AndroidManifest.xml:2:1-10:12
MERGED from [com.android.support:design:26.1.0] AndroidManifest.xml:17:1-31:12
MERGED from [com.android.support:transition:26.1.0] AndroidManifest.xml:17:1-28:12
MERGED from [com.joanzapata.iconify:android-iconify-ionicons:2.2.2] AndroidManifest.xml:2:1-8:12
MERGED from [com.joanzapata.iconify:android-iconify-fontawesome:2.2.2] AndroidManifest.xml:2:1-8:12
MERGED from [com.joanzapata.iconify:android-iconify:2.2.2] AndroidManifest.xml:2:1-8:12
MERGED from [me.dm7.barcodescanner:zbar:1.9.8] AndroidManifest.xml:2:1-13:12
MERGED from [me.dm7.barcodescanner:core:1.9.8] AndroidManifest.xml:2:1-13:12
MERGED from [com.github.yalantis:ucrop:2.2.1-native] AndroidManifest.xml:2:1-12:12
MERGED from [com.bigkoo:convenientbanner:2.0.5] AndroidManifest.xml:2:1-9:12
MERGED from [com.android.support:appcompat-v7:26.1.0] AndroidManifest.xml:17:1-31:12
MERGED from [com.android.support:support-v4:26.1.0] AndroidManifest.xml:17:1-31:12
MERGED from [com.android.support:cardview-v7:26.1.0] AndroidManifest.xml:17:1-28:12
MERGED from [com.android.support.constraint:constraint-layout:1.0.2] AndroidManifest.xml:2:1-11:12
MERGED from [me.yokeyword:fragmentation:1.1.8] AndroidManifest.xml:2:1-11:12
MERGED from [com.wang.avi:library:2.1.3] AndroidManifest.xml:2:1-11:12
MERGED from [com.orhanobut:logger:2.1.1] AndroidManifest.xml:2:1-8:12
MERGED from [com.blankj:utilcode:1.9.3] AndroidManifest.xml:2:1-10:12
MERGED from [com.github.hotchemi:permissionsdispatcher:3.0.1] AndroidManifest.xml:2:1-10:12
MERGED from [com.github.CymChad:BaseRecyclerViewAdapterHelper:2.9.32] AndroidManifest.xml:2:1-11:12
MERGED from [com.choices.divider:RecyclerView_Divider:1.0.0] AndroidManifest.xml:2:1-17:12
MERGED from [com.github.bumptech.glide:okhttp3-integration:4.2.0] AndroidManifest.xml:2:1-16:12
MERGED from [com.ToxicBakery.viewpager.transforms:view-pager-transforms:1.2.32] AndroidManifest.xml:17:1-27:12
MERGED from [com.daimajia.easing:library:1.0.1] AndroidManifest.xml:2:1-12:12
MERGED from [com.daimajia.androidanimations:library:1.1.3] AndroidManifest.xml:2:1-12:12
MERGED from [de.hdodenhof:circleimageview:2.1.0] AndroidManifest.xml:2:1-11:12
MERGED from [com.android.support:support-media-compat:26.1.0] AndroidManifest.xml:17:1-31:12
MERGED from [com.android.support:support-fragment:26.1.0] AndroidManifest.xml:17:1-31:12
MERGED from [com.android.support:support-core-utils:26.1.0] AndroidManifest.xml:17:1-31:12
MERGED from [com.android.support:animated-vector-drawable:26.1.0] AndroidManifest.xml:17:1-28:12
MERGED from [com.android.support:recyclerview-v7:26.1.0] AndroidManifest.xml:17:1-28:12
MERGED from [com.android.support:support-core-ui:26.1.0] AndroidManifest.xml:17:1-31:12
MERGED from [com.android.support:support-vector-drawable:26.1.0] AndroidManifest.xml:17:1-28:12
MERGED from [com.android.support:support-compat:26.1.0] AndroidManifest.xml:17:1-31:12
MERGED from [me.yokeyword:fragmentation-core:1.1.8] AndroidManifest.xml:2:1-11:12
MERGED from [android.arch.lifecycle:runtime:1.0.0] AndroidManifest.xml:17:1-30:12
INJECTED from src/main/AndroidManifest.xml:2:1-206:12
INJECTED from src/main/AndroidManifest.xml:2:1-206:12
INJECTED from src/main/AndroidManifest.xml:2:1-206:12
	package
		ADDED from src/main/AndroidManifest.xml:4:5-37
		INJECTED from src/main/AndroidManifest.xml
		INJECTED from src/main/AndroidManifest.xml
	android:versionName
		INJECTED from src/main/AndroidManifest.xml
		ADDED from src/main/AndroidManifest.xml:2:1-206:12
		INJECTED from src/main/AndroidManifest.xml
	xmlns:tools
		ADDED from src/main/AndroidManifest.xml:3:5-51
	android:versionCode
		INJECTED from src/main/AndroidManifest.xml
		ADDED from src/main/AndroidManifest.xml:2:1-206:12
		INJECTED from src/main/AndroidManifest.xml
	xmlns:android
		ADDED from src/main/AndroidManifest.xml:2:11-69
uses-permission#android.permission.ACCESS_NETWORK_STATE
ADDED from src/main/AndroidManifest.xml:6:5-79
MERGED from [:wangfu-baselibrary] AndroidManifest.xml:13:5-79
MERGED from [:wangfu-baselibrary] AndroidManifest.xml:13:5-79
MERGED from [cn.jiguang.sdk:jpush:3.0.8] AndroidManifest.xml:26:5-79
MERGED from [cn.jiguang.sdk:jpush:3.0.8] AndroidManifest.xml:26:5-79
	android:name
		ADDED from src/main/AndroidManifest.xml:6:22-76
uses-permission#android.permission.ACCESS_WIFI_STATE
ADDED from src/main/AndroidManifest.xml:7:5-76
MERGED from [:wangfu-baselibrary] AndroidManifest.xml:14:5-76
MERGED from [:wangfu-baselibrary] AndroidManifest.xml:14:5-76
MERGED from [cn.jiguang.sdk:jpush:3.0.8] AndroidManifest.xml:27:5-76
MERGED from [cn.jiguang.sdk:jpush:3.0.8] AndroidManifest.xml:27:5-76
	android:name
		ADDED from src/main/AndroidManifest.xml:7:22-73
uses-permission#android.permission.READ_PHONE_STATE
ADDED from src/main/AndroidManifest.xml:8:5-75
MERGED from [:wangfu-baselibrary] AndroidManifest.xml:30:5-75
MERGED from [:wangfu-baselibrary] AndroidManifest.xml:30:5-75
MERGED from [cn.jiguang.sdk:jpush:3.0.8] AndroidManifest.xml:20:5-75
MERGED from [cn.jiguang.sdk:jpush:3.0.8] AndroidManifest.xml:20:5-75
	android:name
		ADDED from src/main/AndroidManifest.xml:8:22-72
uses-permission#android.permission.WRITE_EXTERNAL_STORAGE
ADDED from src/main/AndroidManifest.xml:9:5-81
MERGED from [:wangfu-baselibrary] AndroidManifest.xml:21:5-81
MERGED from [:wangfu-baselibrary] AndroidManifest.xml:21:5-81
MERGED from [cn.jiguang.sdk:jpush:3.0.8] AndroidManifest.xml:21:5-81
MERGED from [cn.jiguang.sdk:jpush:3.0.8] AndroidManifest.xml:21:5-81
	android:name
		ADDED from src/main/AndroidManifest.xml:9:22-78
uses-permission#android.permission.ACCESS_FINE_LOCATION
ADDED from src/main/AndroidManifest.xml:11:5-79
MERGED from [cn.jiguang.sdk:jpush:3.0.8] AndroidManifest.xml:33:5-79
MERGED from [cn.jiguang.sdk:jpush:3.0.8] AndroidManifest.xml:33:5-79
	android:name
		ADDED from src/main/AndroidManifest.xml:11:22-76
uses-permission#android.permission.ACCESS_COARSE_LOCATION
ADDED from src/main/AndroidManifest.xml:12:5-81
MERGED from [:wangfu-baselibrary] AndroidManifest.xml:31:5-81
MERGED from [:wangfu-baselibrary] AndroidManifest.xml:31:5-81
MERGED from [cn.jiguang.sdk:jpush:3.0.8] AndroidManifest.xml:31:5-81
MERGED from [cn.jiguang.sdk:jpush:3.0.8] AndroidManifest.xml:31:5-81
	android:name
		ADDED from src/main/AndroidManifest.xml:12:22-78
uses-permission#android.permission.GET_TASKS
ADDED from src/main/AndroidManifest.xml:13:5-68
	android:name
		ADDED from src/main/AndroidManifest.xml:13:22-65
uses-permission#android.permission.CHANGE_WIFI_STATE
ADDED from src/main/AndroidManifest.xml:14:5-76
MERGED from [cn.jiguang.sdk:jpush:3.0.8] AndroidManifest.xml:32:5-76
MERGED from [cn.jiguang.sdk:jpush:3.0.8] AndroidManifest.xml:32:5-76
	android:name
		ADDED from src/main/AndroidManifest.xml:14:22-73
uses-permission#android.permission.SYSTEM_ALERT_WINDOW
ADDED from src/main/AndroidManifest.xml:15:5-78
MERGED from [cn.jiguang.sdk:jpush:3.0.8] AndroidManifest.xml:30:5-78
MERGED from [cn.jiguang.sdk:jpush:3.0.8] AndroidManifest.xml:30:5-78
	android:name
		ADDED from src/main/AndroidManifest.xml:15:22-75
uses-permission#android.permission.WRITE_CONTACTS
ADDED from src/main/AndroidManifest.xml:17:5-73
	android:name
		ADDED from src/main/AndroidManifest.xml:17:22-70
uses-permission#android.permission.WRITE_SETTINGS
ADDED from src/main/AndroidManifest.xml:18:5-73
MERGED from [cn.jiguang.sdk:jpush:3.0.8] AndroidManifest.xml:23:5-73
MERGED from [cn.jiguang.sdk:jpush:3.0.8] AndroidManifest.xml:23:5-73
	android:name
		ADDED from src/main/AndroidManifest.xml:18:22-70
uses-permission#android.permission.CHANGE_CONFIGURATION
ADDED from src/main/AndroidManifest.xml:19:5-79
	android:name
		ADDED from src/main/AndroidManifest.xml:19:22-76
application
ADDED from src/main/AndroidManifest.xml:21:5-204:19
MERGED from [:indexlibrary] AndroidManifest.xml:11:5-12:19
MERGED from [:indexlibrary] AndroidManifest.xml:11:5-12:19
MERGED from [:wangfu-baselibrary] AndroidManifest.xml:33:5-43:19
MERGED from [:wangfu-baselibrary] AndroidManifest.xml:33:5-43:19
MERGED from [cn.jiguang.sdk:jpush:3.0.8] AndroidManifest.xml:37:5-121:19
MERGED from [cn.jiguang.sdk:jpush:3.0.8] AndroidManifest.xml:37:5-121:19
MERGED from [cn.jiguang.sdk:jcore:1.1.6] AndroidManifest.xml:11:5-12:19
MERGED from [cn.jiguang.sdk:jcore:1.1.6] AndroidManifest.xml:11:5-12:19
MERGED from [com.android.support:design:26.1.0] AndroidManifest.xml:25:5-29:19
MERGED from [com.android.support:design:26.1.0] AndroidManifest.xml:25:5-29:19
MERGED from [com.android.support:transition:26.1.0] AndroidManifest.xml:22:5-26:19
MERGED from [com.android.support:transition:26.1.0] AndroidManifest.xml:22:5-26:19
MERGED from [me.dm7.barcodescanner:zbar:1.9.8] AndroidManifest.xml:11:5-20
MERGED from [me.dm7.barcodescanner:zbar:1.9.8] AndroidManifest.xml:11:5-20
MERGED from [me.dm7.barcodescanner:core:1.9.8] AndroidManifest.xml:11:5-20
MERGED from [me.dm7.barcodescanner:core:1.9.8] AndroidManifest.xml:11:5-20
MERGED from [com.android.support:appcompat-v7:26.1.0] AndroidManifest.xml:25:5-29:19
MERGED from [com.android.support:appcompat-v7:26.1.0] AndroidManifest.xml:25:5-29:19
MERGED from [com.android.support:support-v4:26.1.0] AndroidManifest.xml:25:5-29:19
MERGED from [com.android.support:support-v4:26.1.0] AndroidManifest.xml:25:5-29:19
MERGED from [com.android.support:cardview-v7:26.1.0] AndroidManifest.xml:22:5-26:19
MERGED from [com.android.support:cardview-v7:26.1.0] AndroidManifest.xml:22:5-26:19
MERGED from [com.android.support.constraint:constraint-layout:1.0.2] AndroidManifest.xml:9:5-20
MERGED from [com.android.support.constraint:constraint-layout:1.0.2] AndroidManifest.xml:9:5-20
MERGED from [me.yokeyword:fragmentation:1.1.8] AndroidManifest.xml:9:5-20
MERGED from [me.yokeyword:fragmentation:1.1.8] AndroidManifest.xml:9:5-20
MERGED from [com.choices.divider:RecyclerView_Divider:1.0.0] AndroidManifest.xml:11:5-15:19
MERGED from [com.choices.divider:RecyclerView_Divider:1.0.0] AndroidManifest.xml:11:5-15:19
MERGED from [com.github.bumptech.glide:okhttp3-integration:4.2.0] AndroidManifest.xml:10:5-14:19
MERGED from [com.github.bumptech.glide:okhttp3-integration:4.2.0] AndroidManifest.xml:10:5-14:19
MERGED from [de.hdodenhof:circleimageview:2.1.0] AndroidManifest.xml:9:5-20
MERGED from [de.hdodenhof:circleimageview:2.1.0] AndroidManifest.xml:9:5-20
MERGED from [com.android.support:support-media-compat:26.1.0] AndroidManifest.xml:25:5-29:19
MERGED from [com.android.support:support-media-compat:26.1.0] AndroidManifest.xml:25:5-29:19
MERGED from [com.android.support:support-fragment:26.1.0] AndroidManifest.xml:25:5-29:19
MERGED from [com.android.support:support-fragment:26.1.0] AndroidManifest.xml:25:5-29:19
MERGED from [com.android.support:support-core-utils:26.1.0] AndroidManifest.xml:25:5-29:19
MERGED from [com.android.support:support-core-utils:26.1.0] AndroidManifest.xml:25:5-29:19
MERGED from [com.android.support:animated-vector-drawable:26.1.0] AndroidManifest.xml:22:5-26:19
MERGED from [com.android.support:animated-vector-drawable:26.1.0] AndroidManifest.xml:22:5-26:19
MERGED from [com.android.support:recyclerview-v7:26.1.0] AndroidManifest.xml:22:5-26:19
MERGED from [com.android.support:recyclerview-v7:26.1.0] AndroidManifest.xml:22:5-26:19
MERGED from [com.android.support:support-core-ui:26.1.0] AndroidManifest.xml:25:5-29:19
MERGED from [com.android.support:support-core-ui:26.1.0] AndroidManifest.xml:25:5-29:19
MERGED from [com.android.support:support-vector-drawable:26.1.0] AndroidManifest.xml:22:5-26:19
MERGED from [com.android.support:support-vector-drawable:26.1.0] AndroidManifest.xml:22:5-26:19
MERGED from [com.android.support:support-compat:26.1.0] AndroidManifest.xml:25:5-29:19
MERGED from [com.android.support:support-compat:26.1.0] AndroidManifest.xml:25:5-29:19
MERGED from [me.yokeyword:fragmentation-core:1.1.8] AndroidManifest.xml:9:5-20
MERGED from [me.yokeyword:fragmentation-core:1.1.8] AndroidManifest.xml:9:5-20
MERGED from [android.arch.lifecycle:runtime:1.0.0] AndroidManifest.xml:24:5-28:19
MERGED from [android.arch.lifecycle:runtime:1.0.0] AndroidManifest.xml:24:5-28:19
	android:supportsRtl
		ADDED from src/main/AndroidManifest.xml:27:9-35
	android:label
		ADDED from src/main/AndroidManifest.xml:25:9-41
	android:roundIcon
		ADDED from src/main/AndroidManifest.xml:26:9-54
	android:icon
		ADDED from src/main/AndroidManifest.xml:24:9-44
	android:allowBackup
		ADDED from src/main/AndroidManifest.xml:23:9-35
	android:theme
		ADDED from src/main/AndroidManifest.xml:28:9-40
	android:name
		ADDED from src/main/AndroidManifest.xml:22:9-57
activity#cn.bupt.wfshop.mainapp.ExampleActivity
ADDED from src/main/AndroidManifest.xml:29:9-35:20
	android:name
		ADDED from src/main/AndroidManifest.xml:29:19-72
intent-filter#android.intent.action.MAIN+android.intent.category.LAUNCHER
ADDED from src/main/AndroidManifest.xml:30:13-34:29
action#android.intent.action.MAIN
ADDED from src/main/AndroidManifest.xml:31:17-69
	android:name
		ADDED from src/main/AndroidManifest.xml:31:25-66
category#android.intent.category.LAUNCHER
ADDED from src/main/AndroidManifest.xml:33:17-77
	android:name
		ADDED from src/main/AndroidManifest.xml:33:27-74
activity#cn.bupt.wfshop.mainapp.wxapi.WXEntryActivity
ADDED from src/main/AndroidManifest.xml:37:9-48:20
	android:screenOrientation
		ADDED from src/main/AndroidManifest.xml:42:13-49
	android:label
		ADDED from src/main/AndroidManifest.xml:40:13-33
	android:launchMode
		ADDED from src/main/AndroidManifest.xml:41:13-43
	android:exported
		ADDED from src/main/AndroidManifest.xml:39:13-36
	android:theme
		ADDED from src/main/AndroidManifest.xml:43:13-63
	android:name
		ADDED from src/main/AndroidManifest.xml:38:13-72
intent-filter#android.intent.action.VIEW+android.intent.category.DEFAULT
ADDED from src/main/AndroidManifest.xml:44:13-47:29
action#android.intent.action.VIEW
ADDED from src/main/AndroidManifest.xml:45:17-69
	android:name
		ADDED from src/main/AndroidManifest.xml:45:25-66
category#android.intent.category.DEFAULT
ADDED from src/main/AndroidManifest.xml:46:17-76
	android:name
		ADDED from src/main/AndroidManifest.xml:46:27-73
activity#cn.bupt.wfshop.mainapp.wxapi.WXPayEntryActivity
ADDED from src/main/AndroidManifest.xml:50:9-61:20
	android:screenOrientation
		ADDED from src/main/AndroidManifest.xml:55:13-49
	android:label
		ADDED from src/main/AndroidManifest.xml:53:13-35
	android:launchMode
		ADDED from src/main/AndroidManifest.xml:54:13-43
	android:exported
		ADDED from src/main/AndroidManifest.xml:52:13-36
	android:theme
		ADDED from src/main/AndroidManifest.xml:56:13-63
	android:name
		ADDED from src/main/AndroidManifest.xml:51:13-75
activity#com.alipay.sdk.app.H5PayActivity
ADDED from src/main/AndroidManifest.xml:63:9-67:50
	android:screenOrientation
		ADDED from src/main/AndroidManifest.xml:67:13-47
	android:exported
		ADDED from src/main/AndroidManifest.xml:66:13-37
	android:configChanges
		ADDED from src/main/AndroidManifest.xml:65:13-74
	android:name
		ADDED from src/main/AndroidManifest.xml:64:13-60
activity#com.alipay.sdk.auth.AuthActivity
ADDED from src/main/AndroidManifest.xml:68:9-72:50
	android:screenOrientation
		ADDED from src/main/AndroidManifest.xml:72:13-47
	android:exported
		ADDED from src/main/AndroidManifest.xml:71:13-37
	android:configChanges
		ADDED from src/main/AndroidManifest.xml:70:13-74
	android:name
		ADDED from src/main/AndroidManifest.xml:69:13-60
service#cn.jpush.android.service.PushService
ADDED from src/main/AndroidManifest.xml:76:9-86:19
MERGED from [cn.jiguang.sdk:jpush:3.0.8] AndroidManifest.xml:60:9-71:19
MERGED from [cn.jiguang.sdk:jpush:3.0.8] AndroidManifest.xml:60:9-71:19
	android:process
		ADDED from [cn.jiguang.sdk:jpush:3.0.8] AndroidManifest.xml:64:13-40
	android:enabled
		ADDED from src/main/AndroidManifest.xml:78:13-35
	android:exported
		ADDED from src/main/AndroidManifest.xml:79:13-37
	android:name
		ADDED from src/main/AndroidManifest.xml:77:13-64
intent-filter#cn.jpush.android.intent.PUSH_TIME+cn.jpush.android.intent.PushService+cn.jpush.android.intent.REGISTER+cn.jpush.android.intent.REPORT
ADDED from src/main/AndroidManifest.xml:80:13-85:29
action#cn.jpush.android.intent.REGISTER
ADDED from src/main/AndroidManifest.xml:81:17-75
	android:name
		ADDED from src/main/AndroidManifest.xml:81:25-72
action#cn.jpush.android.intent.REPORT
ADDED from src/main/AndroidManifest.xml:82:17-73
	android:name
		ADDED from src/main/AndroidManifest.xml:82:25-70
action#cn.jpush.android.intent.PushService
ADDED from src/main/AndroidManifest.xml:83:17-78
	android:name
		ADDED from src/main/AndroidManifest.xml:83:25-75
action#cn.jpush.android.intent.PUSH_TIME
ADDED from src/main/AndroidManifest.xml:84:17-76
	android:name
		ADDED from src/main/AndroidManifest.xml:84:25-73
service#cn.jpush.android.service.DaemonService
ADDED from src/main/AndroidManifest.xml:90:9-98:19
MERGED from [cn.jiguang.sdk:jpush:3.0.8] AndroidManifest.xml:75:9-84:19
MERGED from [cn.jiguang.sdk:jpush:3.0.8] AndroidManifest.xml:75:9-84:19
	android:enabled
		ADDED from src/main/AndroidManifest.xml:92:13-35
	android:exported
		ADDED from src/main/AndroidManifest.xml:93:13-36
	android:name
		ADDED from src/main/AndroidManifest.xml:91:13-66
intent-filter#cn.bupt.wfshop.example+cn.jpush.android.intent.DaemonService
ADDED from src/main/AndroidManifest.xml:94:13-97:29
action#cn.jpush.android.intent.DaemonService
ADDED from src/main/AndroidManifest.xml:95:17-80
	android:name
		ADDED from src/main/AndroidManifest.xml:95:25-77
category#cn.bupt.wfshop.example
ADDED from src/main/AndroidManifest.xml:96:17-67
	android:name
		ADDED from src/main/AndroidManifest.xml:96:27-64
receiver#cn.jpush.android.service.PushReceiver
ADDED from src/main/AndroidManifest.xml:101:9-121:20
MERGED from [cn.jiguang.sdk:jpush:3.0.8] AndroidManifest.xml:87:9-106:20
MERGED from [cn.jiguang.sdk:jpush:3.0.8] AndroidManifest.xml:87:9-106:20
	android:enabled
		ADDED from src/main/AndroidManifest.xml:103:13-35
	android:exported
		ADDED from [cn.jiguang.sdk:jpush:3.0.8] AndroidManifest.xml:90:13-37
	android:name
		ADDED from src/main/AndroidManifest.xml:102:13-65
intent-filter#cn.bupt.wfshop.mainapp+cn.jpush.android.intent.NOTIFICATION_RECEIVED_PROXY
ADDED from src/main/AndroidManifest.xml:104:13-107:29
	android:priority
		ADDED from src/main/AndroidManifest.xml:104:28-51
action#cn.jpush.android.intent.NOTIFICATION_RECEIVED_PROXY
ADDED from src/main/AndroidManifest.xml:105:17-94
	android:name
		ADDED from src/main/AndroidManifest.xml:105:25-91
category#cn.bupt.wfshop.mainapp
ADDED from src/main/AndroidManifest.xml:106:17-67
	android:name
		ADDED from src/main/AndroidManifest.xml:106:27-64
intent-filter#android.intent.action.USER_PRESENT+android.net.conn.CONNECTIVITY_CHANGE
ADDED from src/main/AndroidManifest.xml:108:13-113:29
action#android.intent.action.USER_PRESENT
ADDED from src/main/AndroidManifest.xml:109:17-77
	android:name
		ADDED from src/main/AndroidManifest.xml:109:25-74
action#android.net.conn.CONNECTIVITY_CHANGE
ADDED from src/main/AndroidManifest.xml:110:17-112:50
	tools:ignore
		ADDED from src/main/AndroidManifest.xml:112:21-47
	android:name
		ADDED from src/main/AndroidManifest.xml:111:21-72
intent-filter#android.intent.action.PACKAGE_ADDED+android.intent.action.PACKAGE_REMOVED
ADDED from src/main/AndroidManifest.xml:115:13-120:29
action#android.intent.action.PACKAGE_ADDED
ADDED from src/main/AndroidManifest.xml:116:17-78
	android:name
		ADDED from src/main/AndroidManifest.xml:116:25-75
action#android.intent.action.PACKAGE_REMOVED
ADDED from src/main/AndroidManifest.xml:117:17-80
	android:name
		ADDED from src/main/AndroidManifest.xml:117:25-77
data
ADDED from src/main/AndroidManifest.xml:119:17-50
	android:scheme
		ADDED from src/main/AndroidManifest.xml:119:23-47
activity#cn.jpush.android.ui.PushActivity
ADDED from src/main/AndroidManifest.xml:124:9-135:20
MERGED from [cn.jiguang.sdk:jpush:3.0.8] AndroidManifest.xml:46:9-57:20
MERGED from [cn.jiguang.sdk:jpush:3.0.8] AndroidManifest.xml:46:9-57:20
	android:exported
		ADDED from src/main/AndroidManifest.xml:127:13-37
	android:configChanges
		ADDED from src/main/AndroidManifest.xml:126:13-63
	android:theme
		ADDED from src/main/AndroidManifest.xml:128:13-60
	android:name
		ADDED from src/main/AndroidManifest.xml:125:13-60
intent-filter#android.intent.category.DEFAULT+cn.bupt.wfshop.mainapp+cn.jpush.android.ui.PushActivity
ADDED from src/main/AndroidManifest.xml:129:13-134:29
action#cn.jpush.android.ui.PushActivity
ADDED from src/main/AndroidManifest.xml:130:17-75
	android:name
		ADDED from src/main/AndroidManifest.xml:130:25-72
service#cn.jpush.android.service.DownloadService
ADDED from src/main/AndroidManifest.xml:138:9-141:40
	android:enabled
		ADDED from src/main/AndroidManifest.xml:140:13-35
	android:exported
		ADDED from src/main/AndroidManifest.xml:141:13-37
	android:name
		ADDED from src/main/AndroidManifest.xml:139:13-68
receiver#cn.jpush.android.service.AlarmReceiver
ADDED from src/main/AndroidManifest.xml:144:9-75
MERGED from [cn.jiguang.sdk:jpush:3.0.8] AndroidManifest.xml:109:9-111:40
MERGED from [cn.jiguang.sdk:jpush:3.0.8] AndroidManifest.xml:109:9-111:40
	android:exported
		ADDED from [cn.jiguang.sdk:jpush:3.0.8] AndroidManifest.xml:111:13-37
	android:name
		ADDED from src/main/AndroidManifest.xml:144:19-72
receiver#cn.bupt.wfshop.mainapp.push.PushReceiver
ADDED from src/main/AndroidManifest.xml:147:9-163:20
	android:enabled
		ADDED from src/main/AndroidManifest.xml:149:13-35
	android:name
		ADDED from src/main/AndroidManifest.xml:148:13-68
intent-filter#cn.bupt.wfshop.mainapp+cn.jpush.android.intent.CONNECTION+cn.jpush.android.intent.MESSAGE_RECEIVED+cn.jpush.android.intent.NOTIFICATION_OPENED+cn.jpush.android.intent.NOTIFICATION_RECEIVED+cn.jpush.android.intent.REGISTRATION
ADDED from src/main/AndroidManifest.xml:150:13-162:29
action#cn.jpush.android.intent.REGISTRATION
ADDED from src/main/AndroidManifest.xml:152:17-79
	android:name
		ADDED from src/main/AndroidManifest.xml:152:25-76
action#cn.jpush.android.intent.MESSAGE_RECEIVED
ADDED from src/main/AndroidManifest.xml:154:17-83
	android:name
		ADDED from src/main/AndroidManifest.xml:154:25-80
action#cn.jpush.android.intent.NOTIFICATION_RECEIVED
ADDED from src/main/AndroidManifest.xml:156:17-88
	android:name
		ADDED from src/main/AndroidManifest.xml:156:25-85
action#cn.jpush.android.intent.NOTIFICATION_OPENED
ADDED from src/main/AndroidManifest.xml:158:17-86
	android:name
		ADDED from src/main/AndroidManifest.xml:158:25-83
action#cn.jpush.android.intent.CONNECTION
ADDED from src/main/AndroidManifest.xml:160:17-77
	android:name
		ADDED from src/main/AndroidManifest.xml:160:25-74
meta-data#JPUSH_CHANNEL
ADDED from src/main/AndroidManifest.xml:171:9-173:49
MERGED from [cn.jiguang.sdk:jpush:3.0.8] AndroidManifest.xml:114:9-116:48
MERGED from [cn.jiguang.sdk:jpush:3.0.8] AndroidManifest.xml:114:9-116:48
	android:value
		ADDED from src/main/AndroidManifest.xml:173:13-46
	android:name
		ADDED from src/main/AndroidManifest.xml:172:13-41
meta-data#JPUSH_APPKEY
ADDED from src/main/AndroidManifest.xml:175:9-177:56
MERGED from [cn.jiguang.sdk:jpush:3.0.8] AndroidManifest.xml:117:9-119:47
MERGED from [cn.jiguang.sdk:jpush:3.0.8] AndroidManifest.xml:117:9-119:47
	android:value
		ADDED from src/main/AndroidManifest.xml:177:13-53
	android:name
		ADDED from src/main/AndroidManifest.xml:176:13-40
activity#com.mob.tools.MobUIShell
ADDED from src/main/AndroidManifest.xml:181:9-202:20
	android:screenOrientation
		ADDED from src/main/AndroidManifest.xml:184:13-49
	android:windowSoftInputMode
		ADDED from src/main/AndroidManifest.xml:186:13-67
	android:configChanges
		ADDED from src/main/AndroidManifest.xml:183:13-74
	android:theme
		ADDED from src/main/AndroidManifest.xml:185:13-72
	android:name
		ADDED from src/main/AndroidManifest.xml:182:13-52
intent-filter#android.intent.action.VIEW+android.intent.category.BROWSABLE+android.intent.category.DEFAULT
ADDED from src/main/AndroidManifest.xml:188:13-194:29
category#android.intent.category.BROWSABLE
ADDED from src/main/AndroidManifest.xml:192:17-78
	android:name
		ADDED from src/main/AndroidManifest.xml:192:27-75
intent-filter#android.intent.category.DEFAULT+com.sina.weibo.sdk.action.ACTION_SDK_REQ_ACTIVITY
ADDED from src/main/AndroidManifest.xml:197:13-200:29
action#com.sina.weibo.sdk.action.ACTION_SDK_REQ_ACTIVITY
ADDED from src/main/AndroidManifest.xml:198:17-92
	android:name
		ADDED from src/main/AndroidManifest.xml:198:25-89
uses-sdk
INJECTED from src/main/AndroidManifest.xml reason: use-sdk injection requested
INJECTED from src/main/AndroidManifest.xml
INJECTED from src/main/AndroidManifest.xml
MERGED from [:indexlibrary] AndroidManifest.xml:7:5-9:41
MERGED from [:indexlibrary] AndroidManifest.xml:7:5-9:41
MERGED from [:productdetaillibrary] AndroidManifest.xml:7:5-9:41
MERGED from [:productdetaillibrary] AndroidManifest.xml:7:5-9:41
MERGED from [:cartlibrary] AndroidManifest.xml:7:5-9:41
MERGED from [:cartlibrary] AndroidManifest.xml:7:5-9:41
MERGED from [:productcategorylibrary] AndroidManifest.xml:7:5-9:41
MERGED from [:productcategorylibrary] AndroidManifest.xml:7:5-9:41
MERGED from [:profilelibrary] AndroidManifest.xml:7:5-9:41
MERGED from [:profilelibrary] AndroidManifest.xml:7:5-9:41
MERGED from [:wangfu-baselibrary] AndroidManifest.xml:7:5-9:41
MERGED from [:wangfu-baselibrary] AndroidManifest.xml:7:5-9:41
MERGED from [cn.jiguang.sdk:jpush:3.0.8] AndroidManifest.xml:7:5-9:41
MERGED from [cn.jiguang.sdk:jpush:3.0.8] AndroidManifest.xml:7:5-9:41
MERGED from [cn.jiguang.sdk:jcore:1.1.6] AndroidManifest.xml:7:5-9:41
MERGED from [cn.jiguang.sdk:jcore:1.1.6] AndroidManifest.xml:7:5-9:41
MERGED from [com.android.support:multidex:1.0.2] AndroidManifest.xml:20:5-43
MERGED from [com.android.support:multidex:1.0.2] AndroidManifest.xml:20:5-43
MERGED from [com.alibaba:arouter-api:1.3.1] AndroidManifest.xml:6:5-8:41
MERGED from [com.alibaba:arouter-api:1.3.1] AndroidManifest.xml:6:5-8:41
MERGED from [com.android.support:design:26.1.0] AndroidManifest.xml:21:5-23:62
MERGED from [com.android.support:design:26.1.0] AndroidManifest.xml:21:5-23:62
MERGED from [com.android.support:transition:26.1.0] AndroidManifest.xml:20:5-44
MERGED from [com.android.support:transition:26.1.0] AndroidManifest.xml:20:5-44
MERGED from [com.joanzapata.iconify:android-iconify-ionicons:2.2.2] AndroidManifest.xml:6:5-43
MERGED from [com.joanzapata.iconify:android-iconify-ionicons:2.2.2] AndroidManifest.xml:6:5-43
MERGED from [com.joanzapata.iconify:android-iconify-fontawesome:2.2.2] AndroidManifest.xml:6:5-43
MERGED from [com.joanzapata.iconify:android-iconify-fontawesome:2.2.2] AndroidManifest.xml:6:5-43
MERGED from [com.joanzapata.iconify:android-iconify:2.2.2] AndroidManifest.xml:6:5-43
MERGED from [com.joanzapata.iconify:android-iconify:2.2.2] AndroidManifest.xml:6:5-43
MERGED from [me.dm7.barcodescanner:zbar:1.9.8] AndroidManifest.xml:7:5-9:41
MERGED from [me.dm7.barcodescanner:zbar:1.9.8] AndroidManifest.xml:7:5-9:41
MERGED from [me.dm7.barcodescanner:core:1.9.8] AndroidManifest.xml:7:5-9:41
MERGED from [me.dm7.barcodescanner:core:1.9.8] AndroidManifest.xml:7:5-9:41
MERGED from [com.github.yalantis:ucrop:2.2.1-native] AndroidManifest.xml:8:5-10:41
MERGED from [com.github.yalantis:ucrop:2.2.1-native] AndroidManifest.xml:8:5-10:41
MERGED from [com.bigkoo:convenientbanner:2.0.5] AndroidManifest.xml:7:5-44
MERGED from [com.bigkoo:convenientbanner:2.0.5] AndroidManifest.xml:7:5-44
MERGED from [com.android.support:appcompat-v7:26.1.0] AndroidManifest.xml:21:5-23:78
MERGED from [com.android.support:appcompat-v7:26.1.0] AndroidManifest.xml:21:5-23:78
MERGED from [com.android.support:support-v4:26.1.0] AndroidManifest.xml:21:5-23:54
MERGED from [com.android.support:support-v4:26.1.0] AndroidManifest.xml:21:5-23:54
MERGED from [com.android.support:cardview-v7:26.1.0] AndroidManifest.xml:20:5-44
MERGED from [com.android.support:cardview-v7:26.1.0] AndroidManifest.xml:20:5-44
MERGED from [com.android.support.constraint:constraint-layout:1.0.2] AndroidManifest.xml:5:5-7:41
MERGED from [com.android.support.constraint:constraint-layout:1.0.2] AndroidManifest.xml:5:5-7:41
MERGED from [me.yokeyword:fragmentation:1.1.8] AndroidManifest.xml:5:5-7:41
MERGED from [me.yokeyword:fragmentation:1.1.8] AndroidManifest.xml:5:5-7:41
MERGED from [com.wang.avi:library:2.1.3] AndroidManifest.xml:7:5-9:41
MERGED from [com.wang.avi:library:2.1.3] AndroidManifest.xml:7:5-9:41
MERGED from [com.orhanobut:logger:2.1.1] AndroidManifest.xml:6:5-43
MERGED from [com.orhanobut:logger:2.1.1] AndroidManifest.xml:6:5-43
MERGED from [com.blankj:utilcode:1.9.3] AndroidManifest.xml:8:5-44
MERGED from [com.blankj:utilcode:1.9.3] AndroidManifest.xml:8:5-44
MERGED from [com.github.hotchemi:permissionsdispatcher:3.0.1] AndroidManifest.xml:6:5-8:41
MERGED from [com.github.hotchemi:permissionsdispatcher:3.0.1] AndroidManifest.xml:6:5-8:41
MERGED from [com.github.CymChad:BaseRecyclerViewAdapterHelper:2.9.32] AndroidManifest.xml:7:5-9:41
MERGED from [com.github.CymChad:BaseRecyclerViewAdapterHelper:2.9.32] AndroidManifest.xml:7:5-9:41
MERGED from [com.choices.divider:RecyclerView_Divider:1.0.0] AndroidManifest.xml:7:5-9:41